This is pdfTeX, Version 3.14159265-2.6-1.40.17 (MiKTeX 2.9.6100 64-bit) (preloaded format=pdflatex 2016.12.13)  31 DEC 2016 12:15
entering extended mode
**"D:/Hoc Tap 2016/Toi uu to hop 1/ABC Algorithm/booktemplate/booktemplate/caut
ruc.tex"

("D:/Hoc Tap 2016/Toi uu to hop 1/ABC Algorithm/booktemplate/booktemplate/cautr
uc.tex"
LaTeX2e <2016/03/31> patch level 3
Babel <3.9r> and hyphenation patterns for 75 language(s) loaded.

! LaTeX Error: \usepackage before \documentclass.

See the LaTeX manual or LaTeX Companion for explanation.
Type  H <return>  for immediate help.
 ...                                              
                                                  
l.1 \usepackage{
                titlesec} % cho phép điều chỉnh tiêu đề
? 
! Emergency stop.
 ...                                              
                                                  
l.1 \usepackage{
                titlesec} % cho phép điều chỉnh tiêu đề
\usepackage may only appear in the document preamble, i.e.,
between \documentclass and \begin{document}.

 
Here is how much of TeX's memory you used:
 8 strings out of 493333
 447 string characters out of 3139196
 53242 words of memory out of 3000000
 3636 multiletter control sequences out of 15000+200000
 3640 words of font info for 14 fonts, out of 3000000 for 9000
 1141 hyphenation exceptions out of 8191
 5i,0n,5p,150b,14s stack positions out of 5000i,500n,10000p,200000b,50000s
!  ==> Fatal error occurred, no output PDF file produced!
